SF:lib\MongoDbModel_User.dart
DA:4,0
DA:5,0
DA:7,0
DA:8,0
DA:11,1
DA:25,0
DA:26,0
DA:27,0
DA:28,0
DA:29,0
DA:30,0
DA:31,0
DA:34,2
DA:35,1
DA:36,1
DA:37,1
DA:38,1
DA:39,1
LF:18
LH:7
end_of_record
SF:lib\MongoDbModel_Worker.dart
DA:5,0
DA:6,0
DA:8,0
DA:9,0
DA:12,1
DA:40,0
DA:41,0
DA:42,0
DA:43,0
DA:44,0
DA:45,0
DA:46,0
DA:47,0
DA:48,0
DA:49,0
DA:50,0
DA:51,0
DA:52,0
DA:53,0
DA:56,2
DA:57,1
DA:58,1
DA:59,1
DA:60,1
DA:61,1
DA:62,1
DA:63,1
DA:64,1
DA:65,1
DA:66,1
DA:67,1
DA:68,1
LF:32
LH:14
end_of_record
SF:lib\mongo.dart
DA:9,1
DA:10,2
DA:11,2
DA:12,1
DA:13,1
DA:14,1
DA:18,1
DA:19,3
DA:23,1
DA:24,3
DA:28,1
DA:30,3
DA:31,1
DA:37,0
DA:38,0
DA:42,1
DA:44,3
DA:45,1
DA:51,0
DA:52,0
LF:20
LH:16
end_of_record
